<?xml version="1.0" encoding="UTF-8"?>
<testsuite name="Scenario: Adicionar post de usuário com sucesso sem informar id" tests="5" skipped="0" failures="0" errors="0" timestamp="2020-11-19T19:23:02" hostname="NTCNOTE97" time="1.084">
  <properties/>
  <testcase name="Given que possuo um post para adicionar sem informar id" classname="Scenario: Adicionar post de usuário com sucesso sem informar id" time="0.0"/>
  <testcase name="When solicito adicionar o post na área de posts" classname="Scenario: Adicionar post de usuário com sucesso sem informar id" time="0.0"/>
  <testcase name="Then deve retornar status code de post com sucesso 201" classname="Scenario: Adicionar post de usuário com sucesso sem informar id" time="0.004"/>
  <testcase name="And deve retornar o id padrão do post 101" classname="Scenario: Adicionar post de usuário com sucesso sem informar id" time="0.003"/>
  <testcase name="classMethod" classname="Scenario: Adicionar post de usuário com sucesso sem informar id" time="1.092"/>
  <system-out><![CDATA[
  @GET-
  Scenario: Retornar erro quando tento acessar usuário inexistente ?[90m# src/test/java/features/JsonTest.feature:11?[0m
    ?[32mGiven ?[0m?[32mque especifiquei minha requisições em Json?[0m               ?[90m# stepsdefs.que_especifiquei_minha_requisições_em_Json()?[0m
    ?[32mWhen ?[0m?[32msolicito acesso a área de um usuário inexistente?[0m          ?[90m# stepsdefs.solicito_acesso_a_área_de_um_usuário_inexistente()?[0m
    ?[32mThen ?[0m?[32mdeve retornar status code de erro 404?[0m                     ?[90m# stepsdefs.deve_retornar_status_code_de_erro()?[0m
]]></system-out>
  <system-err><![CDATA[]]></system-err>
</testsuite>
